2025-10-04 04:55:11,445 - ZenithWatcherEnhancedFixed - INFO - 👑 WATCHER DAEMON ZENNITH CORRIGIDO INICIADO
2025-10-04 04:55:11,445 - ZenithWatcherEnhancedFixed - INFO - 📁 Base Directory: /home/user/studio/fundacao-alquimista-luxnet/fundacao_unificada
2025-10-04 04:55:11,446 - ZenithWatcherEnhancedFixed - INFO - 🔥 Módulos disponíveis: False
2025-10-04 04:55:11,447 - ZenithWatcherEnhancedFixed - INFO - ⏰ Intervalo: 10s
2025-10-04 04:55:11,447 - ZenithWatcherEnhancedFixed - INFO - ============================================================
2025-10-04 04:55:11,448 - ZenithWatcherEnhancedFixed - INFO - 📥 7 novo(s) arquivo(s)
2025-10-04 04:55:11,448 - ZenithWatcherEnhancedFixed - INFO - 🔍 Analisando: simulacoes_locais_20251004_033930.json
2025-10-04 04:55:11,451 - ZenithWatcherEnhancedFixed - INFO - 🔸 Firebase não disponível - modo simulação
2025-10-04 04:55:11,451 - ZenithWatcherEnhancedFixed - INFO - 🔸 Gerador de relatórios não disponível
2025-10-04 04:55:11,452 - ZenithWatcherEnhancedFixed - INFO - 📊 Dashboard atualizado com nova análise
2025-10-04 04:55:11,452 - ZenithWatcherEnhancedFixed - INFO - ✅ Análise completa concluída
2025-10-04 04:55:11,452 - ZenithWatcherEnhancedFixed - INFO - 🔍 Analisando: simulacoes_locais_20251004_033748.json
2025-10-04 04:55:11,455 - ZenithWatcherEnhancedFixed - INFO - 🔸 Firebase não disponível - modo simulação
2025-10-04 04:55:11,456 - ZenithWatcherEnhancedFixed - INFO - 🔸 Gerador de relatórios não disponível
2025-10-04 04:55:11,459 - ZenithWatcherEnhancedFixed - INFO - 📊 Dashboard atualizado com nova análise
2025-10-04 04:55:11,459 - ZenithWatcherEnhancedFixed - INFO - ✅ Análise completa concluída
2025-10-04 04:55:11,460 - ZenithWatcherEnhancedFixed - INFO - 🔍 Analisando: simulacoes_locais_20251004_033355.json
2025-10-04 04:55:11,461 - ZenithWatcherEnhancedFixed - INFO - 🔸 Firebase não disponível - modo simulação
2025-10-04 04:55:11,461 - ZenithWatcherEnhancedFixed - INFO - 🔸 Gerador de relatórios não disponível
2025-10-04 04:55:11,463 - ZenithWatcherEnhancedFixed - INFO - 📊 Dashboard atualizado com nova análise
2025-10-04 04:55:11,463 - ZenithWatcherEnhancedFixed - INFO - ✅ Análise completa concluída
2025-10-04 04:55:11,463 - ZenithWatcherEnhancedFixed - INFO - 🔍 Analisando: simulacoes_locais_20251004_033724.json
2025-10-04 04:55:11,468 - ZenithWatcherEnhancedFixed - INFO - 🔸 Firebase não disponível - modo simulação
2025-10-04 04:55:11,468 - ZenithWatcherEnhancedFixed - INFO - 🔸 Gerador de relatórios não disponível
2025-10-04 04:55:11,468 - ZenithWatcherEnhancedFixed - INFO - 📊 Dashboard atualizado com nova análise
2025-10-04 04:55:11,469 - ZenithWatcherEnhancedFixed - INFO - ✅ Análise completa concluída
2025-10-04 04:55:11,469 - ZenithWatcherEnhancedFixed - INFO - 🔍 Analisando: simulacoes_locais_20251004_034126.json
2025-10-04 04:55:11,472 - ZenithWatcherEnhancedFixed - INFO - 🔸 Firebase não disponível - modo simulação
2025-10-04 04:55:11,472 - ZenithWatcherEnhancedFixed - INFO - 🔸 Gerador de relatórios não disponível
2025-10-04 04:55:11,473 - ZenithWatcherEnhancedFixed - INFO - 📊 Dashboard atualizado com nova análise
2025-10-04 04:55:11,473 - ZenithWatcherEnhancedFixed - INFO - ✅ Análise completa concluída
2025-10-04 04:55:11,477 - ZenithWatcherEnhancedFixed - INFO - 🔍 Analisando: simulacoes_locais_20251004_033610.json
2025-10-04 04:55:11,478 - ZenithWatcherEnhancedFixed - INFO - 🔸 Firebase não disponível - modo simulação
2025-10-04 04:55:11,478 - ZenithWatcherEnhancedFixed - INFO - 🔸 Gerador de relatórios não disponível
2025-10-04 04:55:11,480 - ZenithWatcherEnhancedFixed - INFO - 📊 Dashboard atualizado com nova análise
2025-10-04 04:55:11,480 - ZenithWatcherEnhancedFixed - INFO - ✅ Análise completa concluída
2025-10-04 04:55:11,480 - ZenithWatcherEnhancedFixed - INFO - 🔍 Analisando: simulacoes_locais_20251004_034318.json
2025-10-04 04:55:11,481 - ZenithWatcherEnhancedFixed - INFO - 🔸 Firebase não disponível - modo simulação
2025-10-04 04:55:11,481 - ZenithWatcherEnhancedFixed - INFO - 🔸 Gerador de relatórios não disponível
2025-10-04 04:55:11,482 - ZenithWatcherEnhancedFixed - INFO - 📊 Dashboard atualizado com nova análise
2025-10-04 04:55:11,483 - ZenithWatcherEnhancedFixed - INFO - ✅ Análise completa concluída
2025-10-04 17:01:10,369 - ZenithWatcherEnhancedFixed - INFO - 👑 WATCHER DAEMON ZENNITH CORRIGIDO INICIADO
2025-10-04 17:01:10,372 - ZenithWatcherEnhancedFixed - INFO - 📁 Base Directory: /home/user/studio/fundacao-alquimista-luxnet/fundacao_unificada/organized_project/core_systems
2025-10-04 17:01:10,374 - ZenithWatcherEnhancedFixed - INFO - 🔥 Módulos disponíveis: False
2025-10-04 17:01:10,375 - ZenithWatcherEnhancedFixed - INFO - ⏰ Intervalo: 10s
2025-10-04 17:01:10,375 - ZenithWatcherEnhancedFixed - INFO - ============================================================
2025-10-04 17:01:10,376 - ZenithWatcherEnhancedFixed - WARNING - Diretório não encontrado: /home/user/studio/fundacao-alquimista-luxnet/fundacao_unificada/organized_project/core_systems/ibm_quantum/results
2025-10-04 17:01:20,380 - ZenithWatcherEnhancedFixed - WARNING - Diretório não encontrado: /home/user/studio/fundacao-alquimista-luxnet/fundacao_unificada/organized_project/core_systems/ibm_quantum/results
2025-10-04 17:01:30,381 - ZenithWatcherEnhancedFixed - WARNING - Diretório não encontrado: /home/user/studio/fundacao-alquimista-luxnet/fundacao_unificada/organized_project/core_systems/ibm_quantum/results
2025-10-04 17:01:40,382 - ZenithWatcherEnhancedFixed - WARNING - Diretório não encontrado: /home/user/studio/fundacao-alquimista-luxnet/fundacao_unificada/organized_project/core_systems/ibm_quantum/results
2025-10-04 17:01:50,383 - ZenithWatcherEnhancedFixed - WARNING - Diretório não encontrado: /home/user/studio/fundacao-alquimista-luxnet/fundacao_unificada/organized_project/core_systems/ibm_quantum/results
2025-10-04 17:02:00,383 - ZenithWatcherEnhancedFixed - WARNING - Diretório não encontrado: /home/user/studio/fundacao-alquimista-luxnet/fundacao_unificada/organized_project/core_systems/ibm_quantum/results
2025-10-04 17:02:10,384 - ZenithWatcherEnhancedFixed - WARNING - Diretório não encontrado: /home/user/studio/fundacao-alquimista-luxnet/fundacao_unificada/organized_project/core_systems/ibm_quantum/results
2025-10-04 17:02:20,385 - ZenithWatcherEnhancedFixed - WARNING - Diretório não encontrado: /home/user/studio/fundacao-alquimista-luxnet/fundacao_unificada/organized_project/core_systems/ibm_quantum/results
2025-10-04 17:02:30,386 - ZenithWatcherEnhancedFixed - WARNING - Diretório não encontrado: /home/user/studio/fundacao-alquimista-luxnet/fundacao_unificada/organized_project/core_systems/ibm_quantum/results
2025-10-04 17:02:40,387 - ZenithWatcherEnhancedFixed - WARNING - Diretório não encontrado: /home/user/studio/fundacao-alquimista-luxnet/fundacao_unificada/organized_project/core_systems/ibm_quantum/results
2025-10-04 17:02:50,388 - ZenithWatcherEnhancedFixed - WARNING - Diretório não encontrado: /home/user/studio/fundacao-alquimista-luxnet/fundacao_unificada/organized_project/core_systems/ibm_quantum/results
2025-10-04 17:03:00,389 - ZenithWatcherEnhancedFixed - WARNING - Diretório não encontrado: /home/user/studio/fundacao-alquimista-luxnet/fundacao_unificada/organized_project/core_systems/ibm_quantum/results
2025-10-04 17:03:10,389 - ZenithWatcherEnhancedFixed - WARNING - Diretório não encontrado: /home/user/studio/fundacao-alquimista-luxnet/fundacao_unificada/organized_project/core_systems/ibm_quantum/results
2025-10-04 17:03:20,390 - ZenithWatcherEnhancedFixed - WARNING - Diretório não encontrado: /home/user/studio/fundacao-alquimista-luxnet/fundacao_unificada/organized_project/core_systems/ibm_quantum/results
2025-10-04 17:03:30,395 - ZenithWatcherEnhancedFixed - WARNING - Diretório não encontrado: /home/user/studio/fundacao-alquimista-luxnet/fundacao_unificada/organized_project/core_systems/ibm_quantum/results
2025-10-04 17:03:40,396 - ZenithWatcherEnhancedFixed - WARNING - Diretório não encontrado: /home/user/studio/fundacao-alquimista-luxnet/fundacao_unificada/organized_project/core_systems/ibm_quantum/results
2025-10-04 17:03:50,397 - ZenithWatcherEnhancedFixed - WARNING - Diretório não encontrado: /home/user/studio/fundacao-alquimista-luxnet/fundacao_unificada/organized_project/core_systems/ibm_quantum/results
2025-10-04 17:04:00,398 - ZenithWatcherEnhancedFixed - WARNING - Diretório não encontrado: /home/user/studio/fundacao-alquimista-luxnet/fundacao_unificada/organized_project/core_systems/ibm_quantum/results
2025-10-04 17:04:10,399 - ZenithWatcherEnhancedFixed - WARNING - Diretório não encontrado: /home/user/studio/fundacao-alquimista-luxnet/fundacao_unificada/organized_project/core_systems/ibm_quantum/results
