2025-10-04 16:35:44,677 - LAB_ORCHESTRATOR - INFO - 🚀 INICIANDO ORQUESTRAÇÃO DE TODOS OS LABORATÓRIOS
2025-10-04 16:35:44,681 - LAB_ORCHESTRATOR - INFO - 🔬 Iniciando IBM Research Quantum...
2025-10-04 16:35:44,831 - LAB_ORCHESTRATOR - ERROR - ❌ IBM Research Quantum falhou: python3: can't open file '/home/user/studio/fundacao-alquimista-luxnet/fundacao_unificada/organized_project/lab1_ibm/ibm_quantum_integrator.py': [Errno 2] No such file or directory

2025-10-04 16:35:44,831 - LAB_ORCHESTRATOR - INFO - 🔬 Iniciando MIT CSAIL...
2025-10-04 16:35:44,923 - LAB_ORCHESTRATOR - ERROR - ❌ MIT CSAIL falhou: python3: can't open file '/home/user/studio/fundacao-alquimista-luxnet/fundacao_unificada/organized_project/lab2_mit/mit_ai_quantum.py': [Errno 2] No such file or directory

2025-10-04 16:35:44,926 - LAB_ORCHESTRATOR - INFO - 🔬 Iniciando Stanford Quantum Engineering...
2025-10-04 16:35:45,055 - LAB_ORCHESTRATOR - ERROR - ❌ Stanford Quantum Engineering falhou: python3: can't open file '/home/user/studio/fundacao-alquimista-luxnet/fundacao_unificada/organized_project/lab3_stanford/stanford_engineering.py': [Errno 2] No such file or directory

2025-10-04 16:35:45,056 - LAB_ORCHESTRATOR - INFO - 🔬 Iniciando Google Quantum AI...
2025-10-04 16:35:45,139 - LAB_ORCHESTRATOR - ERROR - ❌ Google Quantum AI falhou: python3: can't open file '/home/user/studio/fundacao-alquimista-luxnet/fundacao_unificada/organized_project/lab4_google/google_quantum_ai.py': [Errno 2] No such file or directory

2025-10-04 16:35:45,139 - LAB_ORCHESTRATOR - INFO - 🔬 Iniciando NASA Advanced Supercomputing...
2025-10-04 16:35:45,278 - LAB_ORCHESTRATOR - ERROR - ❌ NASA Advanced Supercomputing falhou: python3: can't open file '/home/user/studio/fundacao-alquimista-luxnet/fundacao_unificada/organized_project/lab5_nasa/nasa_supercomputing.py': [Errno 2] No such file or directory

2025-10-04 16:35:45,279 - LAB_ORCHESTRATOR - INFO - 🔬 Iniciando CERN Open Data...
2025-10-04 16:35:45,361 - LAB_ORCHESTRATOR - ERROR - ❌ CERN Open Data falhou: python3: can't open file '/home/user/studio/fundacao-alquimista-luxnet/fundacao_unificada/organized_project/lab6_cern/cern_particle_physics.py': [Errno 2] No such file or directory

2025-10-04 16:35:45,361 - LAB_ORCHESTRATOR - INFO - 🔬 Iniciando arXiv Quantum Physics...
2025-10-04 16:35:45,437 - LAB_ORCHESTRATOR - ERROR - ❌ arXiv Quantum Physics falhou: python3: can't open file '/home/user/studio/fundacao-alquimista-luxnet/fundacao_unificada/organized_project/lab7_arxiv/arxiv_quantum_monitor.py': [Errno 2] No such file or directory

2025-10-04 16:35:45,438 - LAB_ORCHESTRATOR - INFO - 🔬 Iniciando Nature Quantum Information...
2025-10-04 16:35:45,501 - LAB_ORCHESTRATOR - ERROR - ❌ Nature Quantum Information falhou: python3: can't open file '/home/user/studio/fundacao-alquimista-luxnet/fundacao_unificada/organized_project/lab8_nature/nature_quantum_validator.py': [Errno 2] No such file or directory

2025-10-04 16:35:45,502 - LAB_ORCHESTRATOR - INFO - 📊 ORQUESTRAÇÃO CONCLUÍDA: 0/8 laboratórios bem-sucedidos
2025-10-04 16:36:59,767 - LAB_ORCHESTRATOR - INFO - 🚀 INICIANDO ORQUESTRAÇÃO DE TODOS OS LABORATÓRIOS
2025-10-04 16:36:59,768 - LAB_ORCHESTRATOR - INFO - 🔬 Iniciando IBM Research Quantum...
2025-10-04 16:37:01,872 - LAB_ORCHESTRATOR - INFO - ✅ IBM Research Quantum concluído com sucesso
2025-10-04 16:37:01,872 - LAB_ORCHESTRATOR - INFO - 🔬 Iniciando MIT CSAIL...
2025-10-04 16:37:02,132 - LAB_ORCHESTRATOR - INFO - ✅ MIT CSAIL concluído com sucesso
2025-10-04 16:37:02,132 - LAB_ORCHESTRATOR - INFO - 🔬 Iniciando Stanford Quantum Engineering...
2025-10-04 16:37:02,298 - LAB_ORCHESTRATOR - INFO - ✅ Stanford Quantum Engineering concluído com sucesso
2025-10-04 16:37:02,299 - LAB_ORCHESTRATOR - INFO - 🔬 Iniciando Google Quantum AI...
2025-10-04 16:37:02,459 - LAB_ORCHESTRATOR - INFO - ✅ Google Quantum AI concluído com sucesso
2025-10-04 16:37:02,459 - LAB_ORCHESTRATOR - INFO - 🔬 Iniciando NASA Advanced Supercomputing...
2025-10-04 16:37:02,619 - LAB_ORCHESTRATOR - INFO - ✅ NASA Advanced Supercomputing concluído com sucesso
2025-10-04 16:37:02,619 - LAB_ORCHESTRATOR - INFO - 🔬 Iniciando CERN Open Data...
2025-10-04 16:37:02,782 - LAB_ORCHESTRATOR - INFO - ✅ CERN Open Data concluído com sucesso
2025-10-04 16:37:02,782 - LAB_ORCHESTRATOR - INFO - 🔬 Iniciando arXiv Quantum Physics...
2025-10-04 16:37:02,940 - LAB_ORCHESTRATOR - INFO - ✅ arXiv Quantum Physics concluído com sucesso
2025-10-04 16:37:02,940 - LAB_ORCHESTRATOR - INFO - 🔬 Iniciando Nature Quantum Information...
2025-10-04 16:37:03,406 - LAB_ORCHESTRATOR - INFO - ✅ Nature Quantum Information concluído com sucesso
2025-10-04 16:37:03,407 - LAB_ORCHESTRATOR - INFO - 📊 ORQUESTRAÇÃO CONCLUÍDA: 8/8 laboratórios bem-sucedidos
2025-10-04 16:37:46,686 - LAB_ORCHESTRATOR - INFO - 🚀 INICIANDO ORQUESTRAÇÃO DE TODOS OS LABORATÓRIOS
2025-10-04 16:37:46,687 - LAB_ORCHESTRATOR - INFO - 🔬 Iniciando IBM Research Quantum...
2025-10-04 16:37:47,702 - LAB_ORCHESTRATOR - INFO - ✅ IBM Research Quantum concluído com sucesso
2025-10-04 16:37:47,702 - LAB_ORCHESTRATOR - INFO - 🔬 Iniciando MIT CSAIL...
2025-10-04 16:37:48,007 - LAB_ORCHESTRATOR - INFO - ✅ MIT CSAIL concluído com sucesso
2025-10-04 16:37:48,007 - LAB_ORCHESTRATOR - INFO - 🔬 Iniciando Stanford Quantum Engineering...
2025-10-04 16:37:48,305 - LAB_ORCHESTRATOR - INFO - ✅ Stanford Quantum Engineering concluído com sucesso
2025-10-04 16:37:48,306 - LAB_ORCHESTRATOR - INFO - 🔬 Iniciando Google Quantum AI...
2025-10-04 16:37:48,498 - LAB_ORCHESTRATOR - INFO - ✅ Google Quantum AI concluído com sucesso
2025-10-04 16:37:48,499 - LAB_ORCHESTRATOR - INFO - 🔬 Iniciando NASA Advanced Supercomputing...
2025-10-04 16:37:48,808 - LAB_ORCHESTRATOR - INFO - ✅ NASA Advanced Supercomputing concluído com sucesso
2025-10-04 16:37:48,810 - LAB_ORCHESTRATOR - INFO - 🔬 Iniciando CERN Open Data...
2025-10-04 16:37:49,114 - LAB_ORCHESTRATOR - INFO - ✅ CERN Open Data concluído com sucesso
2025-10-04 16:37:49,114 - LAB_ORCHESTRATOR - INFO - 🔬 Iniciando arXiv Quantum Physics...
2025-10-04 16:37:49,311 - LAB_ORCHESTRATOR - INFO - ✅ arXiv Quantum Physics concluído com sucesso
2025-10-04 16:37:49,312 - LAB_ORCHESTRATOR - INFO - 🔬 Iniciando Nature Quantum Information...
2025-10-04 16:37:49,530 - LAB_ORCHESTRATOR - INFO - ✅ Nature Quantum Information concluído com sucesso
2025-10-04 16:37:49,532 - LAB_ORCHESTRATOR - INFO - 📊 ORQUESTRAÇÃO CONCLUÍDA: 8/8 laboratórios bem-sucedidos
2025-10-04 17:00:38,118 - LAB_ORCHESTRATOR - INFO - 🚀 INICIANDO ORQUESTRAÇÃO DE TODOS OS LABORATÓRIOS
2025-10-04 17:00:38,141 - LAB_ORCHESTRATOR - INFO - 🔬 Iniciando IBM Research Quantum...
2025-10-04 17:00:38,498 - LAB_ORCHESTRATOR - INFO - ✅ IBM Research Quantum concluído com sucesso
2025-10-04 17:00:38,498 - LAB_ORCHESTRATOR - INFO - 🔬 Iniciando MIT CSAIL...
2025-10-04 17:00:38,619 - LAB_ORCHESTRATOR - INFO - ✅ MIT CSAIL concluído com sucesso
2025-10-04 17:00:38,619 - LAB_ORCHESTRATOR - INFO - 🔬 Iniciando Stanford Quantum Engineering...
2025-10-04 17:00:38,728 - LAB_ORCHESTRATOR - INFO - ✅ Stanford Quantum Engineering concluído com sucesso
2025-10-04 17:00:38,728 - LAB_ORCHESTRATOR - INFO - 🔬 Iniciando Google Quantum AI...
2025-10-04 17:00:38,869 - LAB_ORCHESTRATOR - INFO - ✅ Google Quantum AI concluído com sucesso
2025-10-04 17:00:38,870 - LAB_ORCHESTRATOR - INFO - 🔬 Iniciando NASA Advanced Supercomputing...
2025-10-04 17:00:39,065 - LAB_ORCHESTRATOR - INFO - ✅ NASA Advanced Supercomputing concluído com sucesso
2025-10-04 17:00:39,065 - LAB_ORCHESTRATOR - INFO - 🔬 Iniciando CERN Open Data...
2025-10-04 17:00:39,189 - LAB_ORCHESTRATOR - INFO - ✅ CERN Open Data concluído com sucesso
2025-10-04 17:00:39,190 - LAB_ORCHESTRATOR - INFO - 🔬 Iniciando arXiv Quantum Physics...
2025-10-04 17:00:39,303 - LAB_ORCHESTRATOR - INFO - ✅ arXiv Quantum Physics concluído com sucesso
2025-10-04 17:00:39,305 - LAB_ORCHESTRATOR - INFO - 🔬 Iniciando Nature Quantum Information...
2025-10-04 17:00:39,426 - LAB_ORCHESTRATOR - INFO - ✅ Nature Quantum Information concluído com sucesso
2025-10-04 17:00:39,427 - LAB_ORCHESTRATOR - INFO - 📊 ORQUESTRAÇÃO CONCLUÍDA: 8/8 laboratórios bem-sucedidos
