2025-10-04 16:39:06,581 - ZENITH_INTEGRATOR_FIXED - INFO - 🚀 INICIANDO INTEGRAÇÃO CONSCIENTE COMPLETA ZENITH-LABORATÓRIOS
2025-10-04 16:39:06,582 - ZENITH_INTEGRATOR_FIXED - INFO - 🔄 Atualizando configuração do Zenith...
2025-10-04 16:39:06,583 - ZENITH_INTEGRATOR_FIXED - INFO - ✅ Configuração Zenith atualizada com consciência quântica
2025-10-04 16:39:06,583 - ZENITH_INTEGRATOR_FIXED - INFO - 🎨 Aprimorando dashboard React com consciência...
2025-10-04 16:39:06,587 - ZENITH_INTEGRATOR_FIXED - INFO - ✅ Dashboard React aprimorado com consciência quântica
2025-10-04 16:39:06,588 - ZENITH_INTEGRATOR_FIXED - INFO - 🔗 Criando interface Zenith-Laboratórios Consciente...
2025-10-04 16:39:06,589 - ZENITH_INTEGRATOR_FIXED - INFO - ✅ Interface Zenith-Laboratórios Consciente criada
2025-10-04 16:39:06,590 - ZENITH_INTEGRATOR_FIXED - INFO - 📊 Integração consciente concluída: 3/4 tarefas bem-sucedidas
2025-10-04 17:00:39,691 - ZENITH_INTEGRATOR_FIXED - INFO - 🚀 INICIANDO INTEGRAÇÃO CONSCIENTE COMPLETA ZENITH-LABORATÓRIOS
2025-10-04 17:00:39,692 - ZENITH_INTEGRATOR_FIXED - INFO - 🔄 Atualizando configuração do Zenith...
2025-10-04 17:00:39,694 - ZENITH_INTEGRATOR_FIXED - INFO - ✅ Configuração Zenith atualizada com consciência quântica
2025-10-04 17:00:39,695 - ZENITH_INTEGRATOR_FIXED - INFO - 🎨 Aprimorando dashboard React com consciência...
2025-10-04 17:00:39,697 - ZENITH_INTEGRATOR_FIXED - INFO - ✅ Dashboard React aprimorado com consciência quântica
2025-10-04 17:00:39,697 - ZENITH_INTEGRATOR_FIXED - INFO - 🔗 Criando interface Zenith-Laboratórios Consciente...
2025-10-04 17:00:39,698 - ZENITH_INTEGRATOR_FIXED - INFO - ✅ Interface Zenith-Laboratórios Consciente criada
2025-10-04 17:00:39,700 - ZENITH_INTEGRATOR_FIXED - INFO - 📊 Integração consciente concluída: 3/4 tarefas bem-sucedidas
2025-10-04 17:01:10,121 - ZENITH_INTEGRATOR_FIXED - INFO - 🚀 INICIANDO INTEGRAÇÃO CONSCIENTE COMPLETA ZENITH-LABORATÓRIOS
2025-10-04 17:01:10,122 - ZENITH_INTEGRATOR_FIXED - INFO - 🔄 Atualizando configuração do Zenith...
2025-10-04 17:01:10,123 - ZENITH_INTEGRATOR_FIXED - INFO - ✅ Configuração Zenith atualizada com consciência quântica
2025-10-04 17:01:10,125 - ZENITH_INTEGRATOR_FIXED - INFO - 🎨 Aprimorando dashboard React com consciência...
2025-10-04 17:01:10,128 - ZENITH_INTEGRATOR_FIXED - INFO - ✅ Dashboard React aprimorado com consciência quântica
2025-10-04 17:01:10,128 - ZENITH_INTEGRATOR_FIXED - INFO - 🔗 Criando interface Zenith-Laboratórios Consciente...
2025-10-04 17:01:10,129 - ZENITH_INTEGRATOR_FIXED - INFO - ✅ Interface Zenith-Laboratórios Consciente criada
2025-10-04 17:01:10,132 - ZENITH_INTEGRATOR_FIXED - INFO - 📊 Integração consciente concluída: 3/4 tarefas bem-sucedidas
2025-10-04 17:03:38,037 - ZENITH_INTEGRATOR_FIXED - INFO - 🚀 INICIANDO INTEGRAÇÃO CONSCIENTE COMPLETA ZENITH-LABORATÓRIOS
2025-10-04 17:03:38,038 - ZENITH_INTEGRATOR_FIXED - INFO - 🔄 Atualizando configuração do Zenith...
2025-10-04 17:03:38,039 - ZENITH_INTEGRATOR_FIXED - INFO - ✅ Configuração Zenith atualizada com consciência quântica
2025-10-04 17:03:38,039 - ZENITH_INTEGRATOR_FIXED - INFO - 🎨 Aprimorando dashboard React com consciência...
2025-10-04 17:03:38,047 - ZENITH_INTEGRATOR_FIXED - INFO - ✅ Dashboard React aprimorado com consciência quântica
2025-10-04 17:03:38,048 - ZENITH_INTEGRATOR_FIXED - INFO - 🔗 Criando interface Zenith-Laboratórios Consciente...
2025-10-04 17:03:38,054 - ZENITH_INTEGRATOR_FIXED - INFO - ✅ Interface Zenith-Laboratórios Consciente criada
2025-10-04 17:03:38,059 - ZENITH_INTEGRATOR_FIXED - INFO - 📊 Integração consciente concluída: 3/4 tarefas bem-sucedidas
