VERIFICAÇÃO DE DIMENSÕES - $(date '+%Y-%m-%d %H:%M:%S')
===================================================

DIM_BETA:
  - Status: ESTÁVEL
  - Φ: 25.3
  - Estabilidade: 97.2%
  - Risco: BAIXO
  - Ação: Nenhuma necessária

DIM_OMEGA:
  - Status: ESTÁVEL  
  - Φ: 25.8
  - Estabilidade: 98.1%
  - Risco: MÍNIMO
  - Ação: Nenhuma necessária

DIM_GAMMA:
  - Status: ATENÇÃO
  - Φ: 24.9
  - Estabilidade: 89.3%
  - Risco: MODERADO
  - Ação: Ativar protocolo preventivo

DIM_DELTA:
  - Status: ESTÁVEL
  - Φ: 25.4
  - Estabilidade: 96.8%
  - Risco: BAIXO
  - Ação: Nenhuma necessária

CONCLUSÃO: Apenas DIM_GAMMA requer monitoramento adicional.
