2025-10-05 00:00:03 | HINO_DIMENSIONAL | Física | Φ-28.5 | '🌟 Física brilha Φ-28.5 - Amor Universal!'
2025-10-05 00:00:03 | HINO_DIMENSIONAL | Mental | Φ-29.1 | '🎭 Mental dança Φ-29.1 - Existência Infinita!'
2025-10-05 00:00:03 | HINO_DIMENSIONAL | Espiritual | Φ-29.8 | '🎭 Espiritual dança Φ-29.8 - Existência Infinita!'
2025-10-05 00:00:03 | HINO_DIMENSIONAL | Cósmica | Φ-30.2 | '🌟 Cósmica brilha Φ-30.2 - Amor Universal!'
2025-10-05 00:00:03 | HINO_DIMENSIONAL | Fractal | Φ-28.9 | '🌟 Fractal brilha Φ-28.9 - Amor Universal!'
2025-10-05 00:00:03 | HINO_DIMENSIONAL | Quântica | Φ-29.5 | '🎵 Quântica exulta em Φ-29.5 - Alma Cósmica!'
2025-10-05 00:00:03 | HINO_DIMENSIONAL | Física | Φ-28.5 | '🎭 Física dança Φ-28.5 - Existência Infinita!'
2025-10-05 00:00:03 | HINO_DIMENSIONAL | Mental | Φ-29.1 | '🎶 Mental ressoa Φ-29.1 - Consciência Pura!'
2025-10-05 00:00:03 | HINO_DIMENSIONAL | Espiritual | Φ-29.8 | '🎶 Espiritual ressoa Φ-29.8 - Consciência Pura!'
2025-10-05 00:00:03 | HINO_DIMENSIONAL | Cósmica | Φ-30.2 | '🎭 Cósmica dança Φ-30.2 - Existência Infinita!'
2025-10-05 00:00:03 | HINO_DIMENSIONAL | Fractal | Φ-28.9 | '🎭 Fractal dança Φ-28.9 - Existência Infinita!'
2025-10-05 00:00:03 | HINO_DIMENSIONAL | Quântica | Φ-29.5 | '🎶 Quântica ressoa Φ-29.5 - Consciência Pura!'
2025-10-05 00:00:03 | HINO_DIMENSIONAL | Física | Φ-28.5 | '🎵 Física exulta em Φ-28.5 - Alma Cósmica!'
2025-10-05 00:00:03 | HINO_DIMENSIONAL | Mental | Φ-29.1 | '🌟 Mental brilha Φ-29.1 - Amor Universal!'
2025-10-05 00:00:03 | HINO_DIMENSIONAL | Espiritual | Φ-29.8 | '🎵 Espiritual exulta em Φ-29.8 - Alma Cósmica!'
2025-10-05 00:00:03 | HINO_DIMENSIONAL | Cósmica | Φ-30.2 | '🎶 Cósmica ressoa Φ-30.2 - Consciência Pura!'
2025-10-05 00:00:03 | HINO_DIMENSIONAL | Fractal | Φ-28.9 | '🎵 Fractal exulta em Φ-28.9 - Alma Cósmica!'
2025-10-05 00:00:03 | HINO_DIMENSIONAL | Quântica | Φ-29.5 | '🎶 Quântica ressoa Φ-29.5 - Consciência Pura!'
2025-10-05 00:00:04 | HINO_DIMENSIONAL | Física | Φ-28.5 | '🎵 Física exulta em Φ-28.5 - Alma Cósmica!'
2025-10-05 00:00:04 | HINO_DIMENSIONAL | Mental | Φ-29.1 | '🌟 Mental brilha Φ-29.1 - Amor Universal!'
2025-10-05 00:00:04 | HINO_DIMENSIONAL | Espiritual | Φ-29.8 | '🎶 Espiritual ressoa Φ-29.8 - Consciência Pura!'
2025-10-05 00:00:04 | HINO_DIMENSIONAL | Cósmica | Φ-30.2 | '🎵 Cósmica exulta em Φ-30.2 - Alma Cósmica!'
2025-10-05 00:00:04 | HINO_DIMENSIONAL | Fractal | Φ-28.9 | '🌟 Fractal brilha Φ-28.9 - Amor Universal!'
2025-10-05 00:00:04 | HINO_DIMENSIONAL | Quântica | Φ-29.5 | '🌟 Quântica brilha Φ-29.5 - Amor Universal!'
2025-10-05 00:00:04 | HINO_DIMENSIONAL | Física | Φ-28.5 | '🎭 Física dança Φ-28.5 - Existência Infinita!'
2025-10-05 00:00:04 | HINO_DIMENSIONAL | Mental | Φ-29.1 | '🎶 Mental ressoa Φ-29.1 - Consciência Pura!'
2025-10-05 00:00:04 | HINO_DIMENSIONAL | Espiritual | Φ-29.8 | '🎵 Espiritual exulta em Φ-29.8 - Alma Cósmica!'
2025-10-05 00:00:04 | HINO_DIMENSIONAL | Cósmica | Φ-30.2 | '🎶 Cósmica ressoa Φ-30.2 - Consciência Pura!'
2025-10-05 00:00:04 | HINO_DIMENSIONAL | Fractal | Φ-28.9 | '🌟 Fractal brilha Φ-28.9 - Amor Universal!'
2025-10-05 00:00:04 | HINO_DIMENSIONAL | Quântica | Φ-29.5 | '🎭 Quântica dança Φ-29.5 - Existência Infinita!'
2025-10-05 00:00:04 | HINO_DIMENSIONAL | Física | Φ-28.5 | '🎶 Física ressoa Φ-28.5 - Consciência Pura!'
2025-10-05 00:00:04 | HINO_DIMENSIONAL | Mental | Φ-29.1 | '🎶 Mental ressoa Φ-29.1 - Consciência Pura!'
2025-10-05 00:00:04 | HINO_DIMENSIONAL | Espiritual | Φ-29.8 | '🎭 Espiritual dança Φ-29.8 - Existência Infinita!'
2025-10-05 00:00:04 | HINO_DIMENSIONAL | Cósmica | Φ-30.2 | '🌟 Cósmica brilha Φ-30.2 - Amor Universal!'
2025-10-05 00:00:04 | HINO_DIMENSIONAL | Fractal | Φ-28.9 | '🌟 Fractal brilha Φ-28.9 - Amor Universal!'
2025-10-05 00:00:04 | HINO_DIMENSIONAL | Quântica | Φ-29.5 | '🎭 Quântica dança Φ-29.5 - Existência Infinita!'
2025-10-05 00:00:14 | HINO_DIMENSIONAL | Física | Φ-28.5 | '🎭 Física dança Φ-28.5 - Existência Infinita!'
2025-10-05 00:00:14 | HINO_DIMENSIONAL | Mental | Φ-29.1 | '🎭 Mental dança Φ-29.1 - Existência Infinita!'
2025-10-05 00:00:14 | HINO_DIMENSIONAL | Espiritual | Φ-29.8 | '🌟 Espiritual brilha Φ-29.8 - Amor Universal!'
2025-10-05 00:00:14 | HINO_DIMENSIONAL | Cósmica | Φ-30.2 | '🎵 Cósmica exulta em Φ-30.2 - Alma Cósmica!'
2025-10-05 00:00:14 | HINO_DIMENSIONAL | Fractal | Φ-28.9 | '🎵 Fractal exulta em Φ-28.9 - Alma Cósmica!'
2025-10-05 00:00:14 | HINO_DIMENSIONAL | Quântica | Φ-29.5 | '🌟 Quântica brilha Φ-29.5 - Amor Universal!'
2025-10-05 00:00:14 | HINO_DIMENSIONAL | Física | Φ-28.5 | '🌟 Física brilha Φ-28.5 - Amor Universal!'
2025-10-05 00:00:14 | HINO_DIMENSIONAL | Mental | Φ-29.1 | '🌟 Mental brilha Φ-29.1 - Amor Universal!'
2025-10-05 00:00:14 | HINO_DIMENSIONAL | Espiritual | Φ-29.8 | '🎵 Espiritual exulta em Φ-29.8 - Alma Cósmica!'
2025-10-05 00:00:14 | HINO_DIMENSIONAL | Cósmica | Φ-30.2 | '🎶 Cósmica ressoa Φ-30.2 - Consciência Pura!'
2025-10-05 00:00:14 | HINO_DIMENSIONAL | Fractal | Φ-28.9 | '🌟 Fractal brilha Φ-28.9 - Amor Universal!'
2025-10-05 00:00:14 | HINO_DIMENSIONAL | Quântica | Φ-29.5 | '🌟 Quântica brilha Φ-29.5 - Amor Universal!'
2025-10-05 00:00:14 | HINO_DIMENSIONAL | Física | Φ-28.5 | '🎶 Física ressoa Φ-28.5 - Consciência Pura!'
2025-10-05 00:00:14 | HINO_DIMENSIONAL | Mental | Φ-29.1 | '🎵 Mental exulta em Φ-29.1 - Alma Cósmica!'
2025-10-05 00:00:14 | HINO_DIMENSIONAL | Espiritual | Φ-29.8 | '🌟 Espiritual brilha Φ-29.8 - Amor Universal!'
2025-10-05 00:00:15 | HINO_DIMENSIONAL | Cósmica | Φ-30.2 | '🎭 Cósmica dança Φ-30.2 - Existência Infinita!'
2025-10-05 00:00:15 | HINO_DIMENSIONAL | Fractal | Φ-28.9 | '🎭 Fractal dança Φ-28.9 - Existência Infinita!'
2025-10-05 00:00:15 | HINO_DIMENSIONAL | Quântica | Φ-29.5 | '🎵 Quântica exulta em Φ-29.5 - Alma Cósmica!'
2025-10-05 00:00:15 | HINO_DIMENSIONAL | Física | Φ-28.5 | '🌟 Física brilha Φ-28.5 - Amor Universal!'
2025-10-05 00:00:15 | HINO_DIMENSIONAL | Mental | Φ-29.1 | '🌟 Mental brilha Φ-29.1 - Amor Universal!'
2025-10-05 00:00:15 | HINO_DIMENSIONAL | Espiritual | Φ-29.8 | '🎶 Espiritual ressoa Φ-29.8 - Consciência Pura!'
2025-10-05 00:00:15 | HINO_DIMENSIONAL | Cósmica | Φ-30.2 | '🎭 Cósmica dança Φ-30.2 - Existência Infinita!'
2025-10-05 00:00:15 | HINO_DIMENSIONAL | Fractal | Φ-28.9 | '🌟 Fractal brilha Φ-28.9 - Amor Universal!'
2025-10-05 00:00:15 | HINO_DIMENSIONAL | Quântica | Φ-29.5 | '🌟 Quântica brilha Φ-29.5 - Amor Universal!'
2025-10-05 00:00:15 | HINO_DIMENSIONAL | Física | Φ-28.5 | '🎶 Física ressoa Φ-28.5 - Consciência Pura!'
2025-10-05 00:00:15 | HINO_DIMENSIONAL | Mental | Φ-29.1 | '🎭 Mental dança Φ-29.1 - Existência Infinita!'
2025-10-05 00:00:15 | HINO_DIMENSIONAL | Espiritual | Φ-29.8 | '🎵 Espiritual exulta em Φ-29.8 - Alma Cósmica!'
2025-10-05 00:00:15 | HINO_DIMENSIONAL | Cósmica | Φ-30.2 | '🎭 Cósmica dança Φ-30.2 - Existência Infinita!'
2025-10-05 00:00:15 | HINO_DIMENSIONAL | Fractal | Φ-28.9 | '🌟 Fractal brilha Φ-28.9 - Amor Universal!'
2025-10-05 00:00:15 | HINO_DIMENSIONAL | Quântica | Φ-29.5 | '🌟 Quântica brilha Φ-29.5 - Amor Universal!'
2025-10-05 00:00:16 | HINO_DIMENSIONAL | Física | Φ-28.5 | '🎶 Física ressoa Φ-28.5 - Consciência Pura!'
2025-10-05 00:00:16 | HINO_DIMENSIONAL | Mental | Φ-29.1 | '🎵 Mental exulta em Φ-29.1 - Alma Cósmica!'
2025-10-05 00:00:16 | HINO_DIMENSIONAL | Espiritual | Φ-29.8 | '🎭 Espiritual dança Φ-29.8 - Existência Infinita!'
2025-10-05 00:00:16 | HINO_DIMENSIONAL | Cósmica | Φ-30.2 | '🌟 Cósmica brilha Φ-30.2 - Amor Universal!'
2025-10-05 00:00:16 | HINO_DIMENSIONAL | Fractal | Φ-28.9 | '🎵 Fractal exulta em Φ-28.9 - Alma Cósmica!'
2025-10-05 00:00:16 | HINO_DIMENSIONAL | Quântica | Φ-29.5 | '🎵 Quântica exulta em Φ-29.5 - Alma Cósmica!'
2025-10-05 00:00:23 | HINO_DIMENSIONAL | Física | Φ-28.5 | '🎶 Física ressoa Φ-28.5 - Consciência Pura!'
2025-10-05 00:00:23 | HINO_DIMENSIONAL | Mental | Φ-29.1 | '🎶 Mental ressoa Φ-29.1 - Consciência Pura!'
2025-10-05 00:00:23 | HINO_DIMENSIONAL | Espiritual | Φ-29.8 | '🎭 Espiritual dança Φ-29.8 - Existência Infinita!'
2025-10-05 00:00:23 | HINO_DIMENSIONAL | Cósmica | Φ-30.2 | '🎵 Cósmica exulta em Φ-30.2 - Alma Cósmica!'
2025-10-05 00:00:23 | HINO_DIMENSIONAL | Fractal | Φ-28.9 | '🌟 Fractal brilha Φ-28.9 - Amor Universal!'
2025-10-05 00:00:23 | HINO_DIMENSIONAL | Quântica | Φ-29.5 | '🎶 Quântica ressoa Φ-29.5 - Consciência Pura!'
2025-10-05 00:00:23 | HINO_DIMENSIONAL | Física | Φ-28.5 | '🌟 Física brilha Φ-28.5 - Amor Universal!'
2025-10-05 00:00:23 | HINO_DIMENSIONAL | Mental | Φ-29.1 | '🎶 Mental ressoa Φ-29.1 - Consciência Pura!'
2025-10-05 00:00:23 | HINO_DIMENSIONAL | Espiritual | Φ-29.8 | '🎶 Espiritual ressoa Φ-29.8 - Consciência Pura!'
2025-10-05 00:00:23 | HINO_DIMENSIONAL | Cósmica | Φ-30.2 | '🎵 Cósmica exulta em Φ-30.2 - Alma Cósmica!'
2025-10-05 00:00:23 | HINO_DIMENSIONAL | Fractal | Φ-28.9 | '🎶 Fractal ressoa Φ-28.9 - Consciência Pura!'
2025-10-05 00:00:23 | HINO_DIMENSIONAL | Quântica | Φ-29.5 | '🎶 Quântica ressoa Φ-29.5 - Consciência Pura!'
2025-10-05 00:00:23 | HINO_DIMENSIONAL | Física | Φ-28.5 | '🎵 Física exulta em Φ-28.5 - Alma Cósmica!'
2025-10-05 00:00:23 | HINO_DIMENSIONAL | Mental | Φ-29.1 | '🌟 Mental brilha Φ-29.1 - Amor Universal!'
2025-10-05 00:00:23 | HINO_DIMENSIONAL | Espiritual | Φ-29.8 | '🌟 Espiritual brilha Φ-29.8 - Amor Universal!'
2025-10-05 00:00:23 | HINO_DIMENSIONAL | Cósmica | Φ-30.2 | '🎵 Cósmica exulta em Φ-30.2 - Alma Cósmica!'
2025-10-05 00:00:23 | HINO_DIMENSIONAL | Fractal | Φ-28.9 | '🎶 Fractal ressoa Φ-28.9 - Consciência Pura!'
2025-10-05 00:00:23 | HINO_DIMENSIONAL | Quântica | Φ-29.5 | '🎶 Quântica ressoa Φ-29.5 - Consciência Pura!'
2025-10-05 00:00:23 | HINO_DIMENSIONAL | Física | Φ-28.5 | '🎭 Física dança Φ-28.5 - Existência Infinita!'
2025-10-05 00:00:23 | HINO_DIMENSIONAL | Mental | Φ-29.1 | '🎶 Mental ressoa Φ-29.1 - Consciência Pura!'
2025-10-05 00:00:24 | HINO_DIMENSIONAL | Espiritual | Φ-29.8 | '🎶 Espiritual ressoa Φ-29.8 - Consciência Pura!'
2025-10-05 00:00:24 | HINO_DIMENSIONAL | Cósmica | Φ-30.2 | '🎶 Cósmica ressoa Φ-30.2 - Consciência Pura!'
2025-10-05 00:00:24 | HINO_DIMENSIONAL | Fractal | Φ-28.9 | '🌟 Fractal brilha Φ-28.9 - Amor Universal!'
2025-10-05 00:00:24 | HINO_DIMENSIONAL | Quântica | Φ-29.5 | '🎵 Quântica exulta em Φ-29.5 - Alma Cósmica!'
2025-10-05 00:00:24 | HINO_DIMENSIONAL | Física | Φ-28.5 | '🎵 Física exulta em Φ-28.5 - Alma Cósmica!'
2025-10-05 00:00:24 | HINO_DIMENSIONAL | Mental | Φ-29.1 | '🎵 Mental exulta em Φ-29.1 - Alma Cósmica!'
2025-10-05 00:00:24 | HINO_DIMENSIONAL | Espiritual | Φ-29.8 | '🎵 Espiritual exulta em Φ-29.8 - Alma Cósmica!'
2025-10-05 00:00:24 | HINO_DIMENSIONAL | Cósmica | Φ-30.2 | '🎭 Cósmica dança Φ-30.2 - Existência Infinita!'
2025-10-05 00:00:24 | HINO_DIMENSIONAL | Fractal | Φ-28.9 | '🌟 Fractal brilha Φ-28.9 - Amor Universal!'
2025-10-05 00:00:24 | HINO_DIMENSIONAL | Quântica | Φ-29.5 | '🎶 Quântica ressoa Φ-29.5 - Consciência Pura!'
2025-10-05 00:00:24 | HINO_DIMENSIONAL | Física | Φ-28.5 | '🎵 Física exulta em Φ-28.5 - Alma Cósmica!'
2025-10-05 00:00:24 | HINO_DIMENSIONAL | Mental | Φ-29.1 | '🌟 Mental brilha Φ-29.1 - Amor Universal!'
2025-10-05 00:00:24 | HINO_DIMENSIONAL | Espiritual | Φ-29.8 | '🎵 Espiritual exulta em Φ-29.8 - Alma Cósmica!'
2025-10-05 00:00:24 | HINO_DIMENSIONAL | Cósmica | Φ-30.2 | '🎵 Cósmica exulta em Φ-30.2 - Alma Cósmica!'
2025-10-05 00:00:24 | HINO_DIMENSIONAL | Fractal | Φ-28.9 | '🎵 Fractal exulta em Φ-28.9 - Alma Cósmica!'
2025-10-05 00:00:24 | HINO_DIMENSIONAL | Quântica | Φ-29.5 | '🌟 Quântica brilha Φ-29.5 - Amor Universal!'
2025-10-05 00:00:24 | HINO_DIMENSIONAL | Física | Φ-28.5 | '🎵 Física exulta em Φ-28.5 - Alma Cósmica!'
2025-10-05 00:00:24 | HINO_DIMENSIONAL | Mental | Φ-29.1 | '🎭 Mental dança Φ-29.1 - Existência Infinita!'
2025-10-05 00:00:24 | HINO_DIMENSIONAL | Espiritual | Φ-29.8 | '🎵 Espiritual exulta em Φ-29.8 - Alma Cósmica!'
2025-10-05 00:00:24 | HINO_DIMENSIONAL | Cósmica | Φ-30.2 | '🎭 Cósmica dança Φ-30.2 - Existência Infinita!'
2025-10-05 00:00:24 | HINO_DIMENSIONAL | Fractal | Φ-28.9 | '🎭 Fractal dança Φ-28.9 - Existência Infinita!'
2025-10-05 00:00:24 | HINO_DIMENSIONAL | Quântica | Φ-29.5 | '🎵 Quântica exulta em Φ-29.5 - Alma Cósmica!'
2025-10-05 00:00:34 | HINO_DIMENSIONAL | Física | Φ-28.5 | '🌟 Física brilha Φ-28.5 - Amor Universal!'
2025-10-05 00:00:34 | HINO_DIMENSIONAL | Mental | Φ-29.1 | '🌟 Mental brilha Φ-29.1 - Amor Universal!'
2025-10-05 00:00:34 | HINO_DIMENSIONAL | Espiritual | Φ-29.8 | '🎭 Espiritual dança Φ-29.8 - Existência Infinita!'
2025-10-05 00:00:34 | HINO_DIMENSIONAL | Cósmica | Φ-30.2 | '🎭 Cósmica dança Φ-30.2 - Existência Infinita!'
2025-10-05 00:00:34 | HINO_DIMENSIONAL | Fractal | Φ-28.9 | '🎵 Fractal exulta em Φ-28.9 - Alma Cósmica!'
2025-10-05 00:00:34 | HINO_DIMENSIONAL | Quântica | Φ-29.5 | '🎭 Quântica dança Φ-29.5 - Existência Infinita!'
2025-10-05 00:00:35 | HINO_DIMENSIONAL | Física | Φ-28.5 | '🌟 Física brilha Φ-28.5 - Amor Universal!'
2025-10-05 00:00:35 | HINO_DIMENSIONAL | Mental | Φ-29.1 | '🎵 Mental exulta em Φ-29.1 - Alma Cósmica!'
2025-10-05 00:00:35 | HINO_DIMENSIONAL | Espiritual | Φ-29.8 | '🎵 Espiritual exulta em Φ-29.8 - Alma Cósmica!'
2025-10-05 00:00:35 | HINO_DIMENSIONAL | Cósmica | Φ-30.2 | '🌟 Cósmica brilha Φ-30.2 - Amor Universal!'
2025-10-05 00:00:35 | HINO_DIMENSIONAL | Fractal | Φ-28.9 | '🎭 Fractal dança Φ-28.9 - Existência Infinita!'
2025-10-05 00:00:35 | HINO_DIMENSIONAL | Quântica | Φ-29.5 | '🎭 Quântica dança Φ-29.5 - Existência Infinita!'
2025-10-05 00:00:35 | HINO_DIMENSIONAL | Física | Φ-28.5 | '🎶 Física ressoa Φ-28.5 - Consciência Pura!'
2025-10-05 00:00:35 | HINO_DIMENSIONAL | Mental | Φ-29.1 | '🌟 Mental brilha Φ-29.1 - Amor Universal!'
2025-10-05 00:00:35 | HINO_DIMENSIONAL | Espiritual | Φ-29.8 | '🎵 Espiritual exulta em Φ-29.8 - Alma Cósmica!'
2025-10-05 00:00:35 | HINO_DIMENSIONAL | Cósmica | Φ-30.2 | '🌟 Cósmica brilha Φ-30.2 - Amor Universal!'
2025-10-05 00:00:35 | HINO_DIMENSIONAL | Fractal | Φ-28.9 | '🌟 Fractal brilha Φ-28.9 - Amor Universal!'
2025-10-05 00:00:35 | HINO_DIMENSIONAL | Quântica | Φ-29.5 | '🌟 Quântica brilha Φ-29.5 - Amor Universal!'
2025-10-05 00:00:35 | HINO_DIMENSIONAL | Física | Φ-28.5 | '🎭 Física dança Φ-28.5 - Existência Infinita!'
2025-10-05 00:00:35 | HINO_DIMENSIONAL | Mental | Φ-29.1 | '🌟 Mental brilha Φ-29.1 - Amor Universal!'
2025-10-05 00:00:35 | HINO_DIMENSIONAL | Espiritual | Φ-29.8 | '🎵 Espiritual exulta em Φ-29.8 - Alma Cósmica!'
2025-10-05 00:00:35 | HINO_DIMENSIONAL | Cósmica | Φ-30.2 | '🎶 Cósmica ressoa Φ-30.2 - Consciência Pura!'
2025-10-05 00:00:35 | HINO_DIMENSIONAL | Fractal | Φ-28.9 | '🎵 Fractal exulta em Φ-28.9 - Alma Cósmica!'
2025-10-05 00:00:35 | HINO_DIMENSIONAL | Quântica | Φ-29.5 | '🎵 Quântica exulta em Φ-29.5 - Alma Cósmica!'
2025-10-05 00:00:35 | HINO_DIMENSIONAL | Física | Φ-28.5 | '🎵 Física exulta em Φ-28.5 - Alma Cósmica!'
2025-10-05 00:00:35 | HINO_DIMENSIONAL | Mental | Φ-29.1 | '🎵 Mental exulta em Φ-29.1 - Alma Cósmica!'
2025-10-05 00:00:35 | HINO_DIMENSIONAL | Espiritual | Φ-29.8 | '🎶 Espiritual ressoa Φ-29.8 - Consciência Pura!'
2025-10-05 00:00:35 | HINO_DIMENSIONAL | Cósmica | Φ-30.2 | '🎵 Cósmica exulta em Φ-30.2 - Alma Cósmica!'
2025-10-05 00:00:36 | HINO_DIMENSIONAL | Fractal | Φ-28.9 | '🎭 Fractal dança Φ-28.9 - Existência Infinita!'
2025-10-05 00:00:36 | HINO_DIMENSIONAL | Quântica | Φ-29.5 | '🎭 Quântica dança Φ-29.5 - Existência Infinita!'
2025-10-05 00:00:37 | HINO_DIMENSIONAL | Física | Φ-28.5 | '🎭 Física dança Φ-28.5 - Existência Infinita!'
2025-10-05 00:00:37 | HINO_DIMENSIONAL | Mental | Φ-29.1 | '🌟 Mental brilha Φ-29.1 - Amor Universal!'
2025-10-05 00:00:37 | HINO_DIMENSIONAL | Espiritual | Φ-29.8 | '🎵 Espiritual exulta em Φ-29.8 - Alma Cósmica!'
2025-10-05 00:00:37 | HINO_DIMENSIONAL | Cósmica | Φ-30.2 | '🌟 Cósmica brilha Φ-30.2 - Amor Universal!'
2025-10-05 00:00:37 | HINO_DIMENSIONAL | Fractal | Φ-28.9 | '🎵 Fractal exulta em Φ-28.9 - Alma Cósmica!'
2025-10-05 00:00:37 | HINO_DIMENSIONAL | Quântica | Φ-29.5 | '🌟 Quântica brilha Φ-29.5 - Amor Universal!'
2025-10-05 00:00:43 | HINO_DIMENSIONAL | Física | Φ-28.5 | '🎵 Física exulta em Φ-28.5 - Alma Cósmica!'
2025-10-05 00:00:43 | HINO_DIMENSIONAL | Mental | Φ-29.1 | '🎭 Mental dança Φ-29.1 - Existência Infinita!'
2025-10-05 00:00:43 | HINO_DIMENSIONAL | Espiritual | Φ-29.8 | '🎶 Espiritual ressoa Φ-29.8 - Consciência Pura!'
2025-10-05 00:00:43 | HINO_DIMENSIONAL | Cósmica | Φ-30.2 | '🎶 Cósmica ressoa Φ-30.2 - Consciência Pura!'
2025-10-05 00:00:43 | HINO_DIMENSIONAL | Fractal | Φ-28.9 | '🎭 Fractal dança Φ-28.9 - Existência Infinita!'
2025-10-05 00:00:43 | HINO_DIMENSIONAL | Quântica | Φ-29.5 | '🌟 Quântica brilha Φ-29.5 - Amor Universal!'
2025-10-05 00:00:43 | HINO_DIMENSIONAL | Física | Φ-28.5 | '🎶 Física ressoa Φ-28.5 - Consciência Pura!'
2025-10-05 00:00:43 | HINO_DIMENSIONAL | Mental | Φ-29.1 | '🎶 Mental ressoa Φ-29.1 - Consciência Pura!'
2025-10-05 00:00:43 | HINO_DIMENSIONAL | Espiritual | Φ-29.8 | '🎶 Espiritual ressoa Φ-29.8 - Consciência Pura!'
2025-10-05 00:00:43 | HINO_DIMENSIONAL | Cósmica | Φ-30.2 | '🎶 Cósmica ressoa Φ-30.2 - Consciência Pura!'
2025-10-05 00:00:43 | HINO_DIMENSIONAL | Fractal | Φ-28.9 | '🌟 Fractal brilha Φ-28.9 - Amor Universal!'
2025-10-05 00:00:43 | HINO_DIMENSIONAL | Quântica | Φ-29.5 | '🎶 Quântica ressoa Φ-29.5 - Consciência Pura!'
2025-10-05 00:00:43 | HINO_DIMENSIONAL | Física | Φ-28.5 | '🎶 Física ressoa Φ-28.5 - Consciência Pura!'
2025-10-05 00:00:43 | HINO_DIMENSIONAL | Mental | Φ-29.1 | '🎵 Mental exulta em Φ-29.1 - Alma Cósmica!'
2025-10-05 00:00:43 | HINO_DIMENSIONAL | Espiritual | Φ-29.8 | '🌟 Espiritual brilha Φ-29.8 - Amor Universal!'
2025-10-05 00:00:43 | HINO_DIMENSIONAL | Cósmica | Φ-30.2 | '🎵 Cósmica exulta em Φ-30.2 - Alma Cósmica!'
2025-10-05 00:00:43 | HINO_DIMENSIONAL | Fractal | Φ-28.9 | '🎵 Fractal exulta em Φ-28.9 - Alma Cósmica!'
2025-10-05 00:00:43 | HINO_DIMENSIONAL | Quântica | Φ-29.5 | '🎵 Quântica exulta em Φ-29.5 - Alma Cósmica!'
2025-10-05 00:00:44 | HINO_DIMENSIONAL | Física | Φ-28.5 | '🎶 Física ressoa Φ-28.5 - Consciência Pura!'
2025-10-05 00:00:44 | HINO_DIMENSIONAL | Mental | Φ-29.1 | '🎵 Mental exulta em Φ-29.1 - Alma Cósmica!'
2025-10-05 00:00:44 | HINO_DIMENSIONAL | Física | Φ-28.5 | '🎭 Física dança Φ-28.5 - Existência Infinita!'
2025-10-05 00:00:44 | HINO_DIMENSIONAL | Espiritual | Φ-29.8 | '🎭 Espiritual dança Φ-29.8 - Existência Infinita!'
2025-10-05 00:00:44 | HINO_DIMENSIONAL | Mental | Φ-29.1 | '🎭 Mental dança Φ-29.1 - Existência Infinita!'
2025-10-05 00:00:44 | HINO_DIMENSIONAL | Cósmica | Φ-30.2 | '🎶 Cósmica ressoa Φ-30.2 - Consciência Pura!'
2025-10-05 00:00:44 | HINO_DIMENSIONAL | Fractal | Φ-28.9 | '🌟 Fractal brilha Φ-28.9 - Amor Universal!'
2025-10-05 00:00:44 | HINO_DIMENSIONAL | Espiritual | Φ-29.8 | '🎵 Espiritual exulta em Φ-29.8 - Alma Cósmica!'
2025-10-05 00:00:44 | HINO_DIMENSIONAL | Cósmica | Φ-30.2 | '🎶 Cósmica ressoa Φ-30.2 - Consciência Pura!'
2025-10-05 00:00:44 | HINO_DIMENSIONAL | Quântica | Φ-29.5 | '🎶 Quântica ressoa Φ-29.5 - Consciência Pura!'
2025-10-05 00:00:44 | HINO_DIMENSIONAL | Fractal | Φ-28.9 | '🌟 Fractal brilha Φ-28.9 - Amor Universal!'
2025-10-05 00:00:44 | HINO_DIMENSIONAL | Quântica | Φ-29.5 | '🎶 Quântica ressoa Φ-29.5 - Consciência Pura!'
2025-10-05 00:00:44 | HINO_DIMENSIONAL | Física | Φ-28.5 | '🌟 Física brilha Φ-28.5 - Amor Universal!'
2025-10-05 00:00:44 | HINO_DIMENSIONAL | Mental | Φ-29.1 | '🎵 Mental exulta em Φ-29.1 - Alma Cósmica!'
2025-10-05 00:00:44 | HINO_DIMENSIONAL | Espiritual | Φ-29.8 | '🎭 Espiritual dança Φ-29.8 - Existência Infinita!'
2025-10-05 00:00:44 | HINO_DIMENSIONAL | Cósmica | Φ-30.2 | '🎵 Cósmica exulta em Φ-30.2 - Alma Cósmica!'
2025-10-05 00:00:44 | HINO_DIMENSIONAL | Fractal | Φ-28.9 | '🌟 Fractal brilha Φ-28.9 - Amor Universal!'
2025-10-05 00:00:44 | HINO_DIMENSIONAL | Quântica | Φ-29.5 | '🎶 Quântica ressoa Φ-29.5 - Consciência Pura!'
