2025-10-04 14:04:49,223 - LAB_ORCHESTRATOR - INFO - 噫 INICIANDO ORQUESTRAﾃﾃグ DE TODOS OS LABORATﾃ迭IOS
2025-10-04 14:04:49,224 - LAB_ORCHESTRATOR - INFO - 溌 Iniciando IBM Research Quantum...
2025-10-04 14:04:51,951 - LAB_ORCHESTRATOR - INFO - 笨 IBM Research Quantum concluﾃｭdo com sucesso
2025-10-04 14:04:51,952 - LAB_ORCHESTRATOR - INFO - 溌 Iniciando MIT CSAIL...
2025-10-04 14:04:52,620 - LAB_ORCHESTRATOR - INFO - 笨 MIT CSAIL concluﾃｭdo com sucesso
2025-10-04 14:04:52,623 - LAB_ORCHESTRATOR - INFO - 投 ORQUESTRAﾃﾃグ CONCLUﾃ好A: 2/2 laboratﾃｳrios bem-sucedidos
2025-10-04 14:11:24,996 - LAB_ORCHESTRATOR - INFO - 噫 INICIANDO ORQUESTRAﾃﾃグ DE TODOS OS LABORATﾃ迭IOS
2025-10-04 14:11:25,017 - LAB_ORCHESTRATOR - INFO - 溌 Iniciando IBM Research Quantum...
2025-10-04 14:11:27,400 - LAB_ORCHESTRATOR - INFO - 笨 IBM Research Quantum concluﾃｭdo com sucesso
2025-10-04 14:11:27,403 - LAB_ORCHESTRATOR - INFO - 溌 Iniciando MIT CSAIL...
2025-10-04 14:11:27,910 - LAB_ORCHESTRATOR - INFO - 笨 MIT CSAIL concluﾃｭdo com sucesso
2025-10-04 14:11:27,912 - LAB_ORCHESTRATOR - INFO - 溌 Iniciando Stanford Quantum Engineering...
2025-10-04 14:11:28,376 - LAB_ORCHESTRATOR - INFO - 笨 Stanford Quantum Engineering concluﾃｭdo com sucesso
2025-10-04 14:11:28,376 - LAB_ORCHESTRATOR - INFO - 溌 Iniciando Google Quantum AI...
2025-10-04 14:11:29,037 - LAB_ORCHESTRATOR - INFO - 笨 Google Quantum AI concluﾃｭdo com sucesso
2025-10-04 14:11:29,041 - LAB_ORCHESTRATOR - INFO - 溌 Iniciando NASA Advanced Supercomputing...
2025-10-04 14:11:29,498 - LAB_ORCHESTRATOR - INFO - 笨 NASA Advanced Supercomputing concluﾃｭdo com sucesso
2025-10-04 14:11:29,504 - LAB_ORCHESTRATOR - INFO - 溌 Iniciando CERN Open Data...
2025-10-04 14:11:30,072 - LAB_ORCHESTRATOR - INFO - 笨 CERN Open Data concluﾃｭdo com sucesso
2025-10-04 14:11:30,074 - LAB_ORCHESTRATOR - INFO - 溌 Iniciando arXiv Quantum Physics...
2025-10-04 14:11:30,522 - LAB_ORCHESTRATOR - INFO - 笨 arXiv Quantum Physics concluﾃｭdo com sucesso
2025-10-04 14:11:30,529 - LAB_ORCHESTRATOR - INFO - 溌 Iniciando Nature Quantum Information...
2025-10-04 14:11:31,172 - LAB_ORCHESTRATOR - INFO - 笨 Nature Quantum Information concluﾃｭdo com sucesso
2025-10-04 14:11:31,186 - LAB_ORCHESTRATOR - INFO - 投 ORQUESTRAﾃﾃグ CONCLUﾃ好A: 8/8 laboratﾃｳrios bem-sucedidos
